<?xml version="1.0" ?>
<coverage branch-rate="0.5" branches-covered="1" branches-valid="2" complexity="0" line-rate="0.8" lines-covered="4" lines-valid="5" timestamp="1534849423448" version="5.0a2">
	<!-- Generated by coverage.py: https://coverage.readthedocs.io/en/coverage-5.0a2 -->
	<!-- Based on https://raw.githubusercontent.com/cobertura/web/master/htdocs/xml/coverage-04.dtd -->
	<sources>
		<source>/private/var/folders/j2/gr3cj3jn63s5q8g3bjvw57hm0000gp/T/coverage_test/tests_test_xml_XmlGoldTest_test_y_xml_branch_93378757</source>
	</sources>
	<packages>
		<package branch-rate="0.5" complexity="0" line-rate="0.8" name=".">
			<classes>
				<class branch-rate="0.5" complexity="0" filename="y.py" line-rate="0.8" name="y.py">
					<methods/>
					<lines>
						<line hits="1" number="1"/>
						<line branch="true" condition-coverage="50% (1/2)" hits="1" missing-branches="5" number="2"/>
						<line hits="1" number="3"/>
						<line hits="0" number="5"/>
						<line hits="1" number="7"/>
					</lines>
				</class>
			</classes>
		</package>
	</packages>
</coverage>
