<?xml version="1.0" ?>
<coverage branch-rate="0" branches-covered="0" branches-valid="0" complexity="0" line-rate="0.6667" lines-covered="2" lines-valid="3" timestamp="1534849155281" version="5.0a2">
	<!-- Generated by coverage.py: https://coverage.readthedocs.io/en/coverage-5.0a2 -->
	<!-- Based on https://raw.githubusercontent.com/cobertura/web/master/htdocs/xml/coverage-04.dtd -->
	<sources>
		<source>/private/var/folders/j2/gr3cj3jn63s5q8g3bjvw57hm0000gp/T/coverage_test/tests_test_xml_XmlGoldTest_test_a_xml_1_43316963</source>
	</sources>
	<packages>
		<package branch-rate="0" complexity="0" line-rate="0.6667" name=".">
			<classes>
				<class branch-rate="0" complexity="0" filename="a.py" line-rate="0.6667" name="a.py">
					<methods/>
					<lines>
						<line hits="1" number="1"/>
						<line hits="1" number="3"/>
						<line hits="0" number="5"/>
					</lines>
				</class>
			</classes>
		</package>
	</packages>
</coverage>
